[21:41:26] [Server thread/INFO]: Starting minecraft server version 1.12.2
[21:41:26] [Server thread/INFO]: Loading properties
[21:41:26] [Server thread/INFO]: Default game type: SURVIVAL
[21:41:26] [Server thread/INFO]: This server is running CraftBukkit version git-Spigot-3d850ec-809c399 (MC: 1.12.2) (Implementing API version 1.12.2-R0.1-SNAPSHOT)
[21:41:26] [Server thread/INFO]: Debug logging is disabled
[21:41:26] [Server thread/INFO]: Server Ping Player Sample Count: 12
[21:41:26] [Server thread/INFO]: Using 4 threads for Netty based IO
[21:41:26] [Server thread/INFO]: Generating keypair
[21:41:27] [Server thread/INFO]: Starting Minecraft server on localhost:25566
[21:41:27] [Server thread/INFO]: Using default channel type
[21:41:28] [Server thread/INFO]: Set PluginClassLoader as parallel capable
[21:41:28] [Server thread/INFO]: [PermissionsEx] Loading PermissionsEx v1.23.4
[21:41:28] [Server thread/WARN]: [PermissionsEx] This server is in offline mode. Unless this server is configured to integrate with a supported proxy (see http://dft.ba/-8ous), UUIDs *may not be stable*!
[21:41:28] [Server thread/INFO]: [plugin-admin] Loading plugin-admin v1.0
[21:41:28] [Server thread/INFO]: [DiscordMC] Loading DiscordMC v1.5.0
[21:41:28] [Server thread/INFO]: [WorldEdit] Loading WorldEdit v6.1.8-SNAPSHOT;cd4729f
[21:41:28] [Server thread/INFO]: [Essentials] Loading Essentials vTeamCity
[21:41:28] [Server thread/INFO]: [EssentialsChat] Loading EssentialsChat v2.13.1
[21:41:28] [Server thread/WARN]: **** SERVER IS RUNNING IN OFFLINE/INSECURE MODE!
[21:41:28] [Server thread/WARN]: The server will make no attempt to authenticate usernames. Beware.
[21:41:28] [Server thread/WARN]: While this makes the game possible to play without internet access, it also opens up the ability for hackers to connect with any username they choose.
[21:41:28] [Server thread/WARN]: To change this, set "online-mode" to "true" in the server.properties file.
[21:41:28] [Server thread/INFO]: **** Beginning UUID conversion, this may take A LONG time ****
[21:41:28] [Server thread/INFO]: Preparing level "world"
[21:41:28] [Server thread/INFO]: -------- World Settings For [world] --------
[21:41:28] [Server thread/INFO]: Nerfing mobs spawned from spawners: false
[21:41:28] [Server thread/INFO]: Arrow Despawn Rate: 1200
[21:41:28] [Server thread/INFO]: Item Merge Radius: 2.5
[21:41:28] [Server thread/INFO]: Item Despawn Rate: 6000
[21:41:28] [Server thread/INFO]: Allow Zombie Pigmen to spawn from portal blocks: true
[21:41:28] [Server thread/INFO]: Experience Merge Radius: 3.0
[21:41:28] [Server thread/INFO]: View Distance: 10
[21:41:28] [Server thread/INFO]: Zombie Aggressive Towards Villager: true
[21:41:28] [Server thread/INFO]: Hopper Transfer: 8 Hopper Check: 1 Hopper Amount: 1
[21:41:28] [Server thread/INFO]: Structure Info Saving: true
[21:41:28] [Server thread/INFO]: Mob Spawn Range: 4
[21:41:28] [Server thread/INFO]: Tile Max Tick Time: 50ms Entity max Tick Time: 50ms
[21:41:28] [Server thread/INFO]: Cactus Growth Modifier: 100%
[21:41:28] [Server thread/INFO]: Cane Growth Modifier: 100%
[21:41:28] [Server thread/INFO]: Melon Growth Modifier: 100%
[21:41:28] [Server thread/INFO]: Mushroom Growth Modifier: 100%
[21:41:28] [Server thread/INFO]: Pumpkin Growth Modifier: 100%
[21:41:28] [Server thread/INFO]: Sapling Growth Modifier: 100%
[21:41:28] [Server thread/INFO]: Wheat Growth Modifier: 100%
[21:41:28] [Server thread/INFO]: NetherWart Growth Modifier: 100%
[21:41:28] [Server thread/INFO]: Vine Growth Modifier: 100%
[21:41:28] [Server thread/INFO]: Cocoa Growth Modifier: 100%
[21:41:28] [Server thread/INFO]: Max TNT Explosions: 100
[21:41:28] [Server thread/INFO]: Entity Tracking Range: Pl 48 / An 48 / Mo 48 / Mi 32 / Other 64
[21:41:28] [Server thread/INFO]: Random Lighting Updates: false
[21:41:28] [Server thread/INFO]: Entity Activation Range: An 32 / Mo 32 / Mi 16
[21:41:28] [Server thread/INFO]: Custom Map Seeds:  Village: 10387312 Feature: 14357617 Monument: 10387313 Slime: 987234911
[21:41:29] [Server thread/INFO]: -------- World Settings For [world_nether] --------
[21:41:29] [Server thread/INFO]: Nerfing mobs spawned from spawners: false
[21:41:29] [Server thread/INFO]: Arrow Despawn Rate: 1200
[21:41:29] [Server thread/INFO]: Item Merge Radius: 2.5
[21:41:29] [Server thread/INFO]: Item Despawn Rate: 6000
[21:41:29] [Server thread/INFO]: Allow Zombie Pigmen to spawn from portal blocks: true
[21:41:29] [Server thread/INFO]: Experience Merge Radius: 3.0
[21:41:29] [Server thread/INFO]: View Distance: 10
[21:41:29] [Server thread/INFO]: Zombie Aggressive Towards Villager: true
[21:41:29] [Server thread/INFO]: Hopper Transfer: 8 Hopper Check: 1 Hopper Amount: 1
[21:41:29] [Server thread/INFO]: Structure Info Saving: true
[21:41:29] [Server thread/INFO]: Mob Spawn Range: 4
[21:41:29] [Server thread/INFO]: Tile Max Tick Time: 50ms Entity max Tick Time: 50ms
[21:41:29] [Server thread/INFO]: Cactus Growth Modifier: 100%
[21:41:29] [Server thread/INFO]: Cane Growth Modifier: 100%
[21:41:29] [Server thread/INFO]: Melon Growth Modifier: 100%
[21:41:29] [Server thread/INFO]: Mushroom Growth Modifier: 100%
[21:41:29] [Server thread/INFO]: Pumpkin Growth Modifier: 100%
[21:41:29] [Server thread/INFO]: Sapling Growth Modifier: 100%
[21:41:29] [Server thread/INFO]: Wheat Growth Modifier: 100%
[21:41:29] [Server thread/INFO]: NetherWart Growth Modifier: 100%
[21:41:29] [Server thread/INFO]: Vine Growth Modifier: 100%
[21:41:29] [Server thread/INFO]: Cocoa Growth Modifier: 100%
[21:41:29] [Server thread/INFO]: Max TNT Explosions: 100
[21:41:29] [Server thread/INFO]: Entity Tracking Range: Pl 48 / An 48 / Mo 48 / Mi 32 / Other 64
[21:41:29] [Server thread/INFO]: Random Lighting Updates: false
[21:41:29] [Server thread/INFO]: Entity Activation Range: An 32 / Mo 32 / Mi 16
[21:41:29] [Server thread/INFO]: Custom Map Seeds:  Village: 10387312 Feature: 14357617 Monument: 10387313 Slime: 987234911
[21:41:29] [Server thread/INFO]: -------- World Settings For [world_the_end] --------
[21:41:29] [Server thread/INFO]: Nerfing mobs spawned from spawners: false
[21:41:29] [Server thread/INFO]: Arrow Despawn Rate: 1200
[21:41:29] [Server thread/INFO]: Item Merge Radius: 2.5
[21:41:29] [Server thread/INFO]: Item Despawn Rate: 6000
[21:41:29] [Server thread/INFO]: Allow Zombie Pigmen to spawn from portal blocks: true
[21:41:29] [Server thread/INFO]: Experience Merge Radius: 3.0
[21:41:29] [Server thread/INFO]: View Distance: 10
[21:41:29] [Server thread/INFO]: Zombie Aggressive Towards Villager: true
[21:41:29] [Server thread/INFO]: Hopper Transfer: 8 Hopper Check: 1 Hopper Amount: 1
[21:41:29] [Server thread/INFO]: Structure Info Saving: true
[21:41:29] [Server thread/INFO]: Mob Spawn Range: 4
[21:41:29] [Server thread/INFO]: Tile Max Tick Time: 50ms Entity max Tick Time: 50ms
[21:41:29] [Server thread/INFO]: Cactus Growth Modifier: 100%
[21:41:29] [Server thread/INFO]: Cane Growth Modifier: 100%
[21:41:29] [Server thread/INFO]: Melon Growth Modifier: 100%
[21:41:29] [Server thread/INFO]: Mushroom Growth Modifier: 100%
[21:41:29] [Server thread/INFO]: Pumpkin Growth Modifier: 100%
[21:41:29] [Server thread/INFO]: Sapling Growth Modifier: 100%
[21:41:29] [Server thread/INFO]: Wheat Growth Modifier: 100%
[21:41:29] [Server thread/INFO]: NetherWart Growth Modifier: 100%
[21:41:29] [Server thread/INFO]: Vine Growth Modifier: 100%
[21:41:29] [Server thread/INFO]: Cocoa Growth Modifier: 100%
[21:41:29] [Server thread/INFO]: Max TNT Explosions: 100
[21:41:29] [Server thread/INFO]: Entity Tracking Range: Pl 48 / An 48 / Mo 48 / Mi 32 / Other 64
[21:41:29] [Server thread/INFO]: Random Lighting Updates: false
[21:41:29] [Server thread/INFO]: Entity Activation Range: An 32 / Mo 32 / Mi 16
[21:41:29] [Server thread/INFO]: Custom Map Seeds:  Village: 10387312 Feature: 14357617 Monument: 10387313 Slime: 987234911
[21:41:29] [Server thread/INFO]: Preparing start region for level 0 (Seed: -8889475605665321647)
[21:41:30] [Server thread/INFO]: Preparing spawn area: 28%
[21:41:31] [Server thread/INFO]: Preparing start region for level 1 (Seed: 122735194673613766)
[21:41:32] [Server thread/INFO]: Preparing spawn area: 62%
[21:41:33] [Server thread/INFO]: Preparing start region for level 2 (Seed: 122735194673613766)
[21:41:33] [Server thread/INFO]: [PermissionsEx] Enabling PermissionsEx v1.23.4
[21:41:33] [Server thread/INFO]: [PermissionsEx] Initializing sql backend
[21:41:34] [Server thread/WARN]: Sat Jun 23 21:41:34 CEST 2018 WARN: Establishing SSL connection without server's identity verification is not recommended. According to MySQL 5.5.45+, 5.6.26+ and 5.7.6+ requirements SSL connection must be established by default if explicit option isn't set. For compliance with existing applications not using SSL the verifyServerCertificate property is set to 'false'. You need either to explicitly disable SSL by setting useSSL=false, or set useSSL=true and provide truststore for server certificate verification.
[21:41:36] [Server thread/WARN]: Sat Jun 23 21:41:36 CEST 2018 WARN: Establishing SSL connection without server's identity verification is not recommended. According to MySQL 5.5.45+, 5.6.26+ and 5.7.6+ requirements SSL connection must be established by default if explicit option isn't set. For compliance with existing applications not using SSL the verifyServerCertificate property is set to 'false'. You need either to explicitly disable SSL by setting useSSL=false, or set useSSL=true and provide truststore for server certificate verification.
[21:41:36] [Server thread/INFO]: [PermissionsEx] Successfully connected to SQL database
[21:41:38] [User Authenticator #1/INFO]: UUID of player flux666 is 2050a37d-a387-3edc-bb3a-5d8b1bf468ae
[21:41:38] [pool-7-thread-1/WARN]: java.io.IOException: Server returned HTTP response code: 401 for URL: https://api.github.com/gists
[21:41:38] [pool-7-thread-1/WARN]: 	at sun.net.www.protocol.http.HttpURLConnection.getInputStream0(Unknown Source)
[21:41:38] [pool-7-thread-1/WARN]: 	at sun.net.www.protocol.http.HttpURLConnection.getInputStream(Unknown Source)
[21:41:38] [pool-7-thread-1/WARN]: 	at sun.net.www.protocol.https.HttpsURLConnectionImpl.getInputStream(Unknown Source)
[21:41:38] [pool-7-thread-1/WARN]: 	at ru.tehkode.permissions.bukkit.ErrorReport.gistText(ErrorReport.java:120)
[21:41:38] [pool-7-thread-1/WARN]: 	at ru.tehkode.permissions.bukkit.ErrorReport$Builder.build(ErrorReport.java:374)
[21:41:38] [pool-7-thread-1/WARN]: 	at ru.tehkode.permissions.bukkit.ErrorReport.withException(ErrorReport.java:330)
[21:41:38] [pool-7-thread-1/WARN]: 	at ru.tehkode.permissions.bukkit.ErrorReport$2.run(ErrorReport.java:193)
[21:41:38] [pool-7-thread-1/WARN]: 	at java.util.concurrent.Executors$RunnableAdapter.call(Unknown Source)
[21:41:38] [pool-7-thread-1/WARN]: 	at java.util.concurrent.FutureTask.run(Unknown Source)
[21:41:38] [pool-7-thread-1/WARN]: 	at java.util.concurrent.ThreadPoolExecutor.runWorker(Unknown Source)
[21:41:38] [pool-7-thread-1/WARN]: 	at java.util.concurrent.ThreadPoolExecutor$Worker.run(Unknown Source)
[21:41:38] [pool-7-thread-1/WARN]: 	at java.lang.Thread.run(Unknown Source)
[21:41:38] [Server thread/INFO]: [plugin-admin] Enabling plugin-admin v1.0
[21:41:38] [Server thread/INFO]: [modérration 1.0] vien de s'allumer
[21:41:38] [Server thread/INFO]: [DiscordMC] Enabling DiscordMC v1.5.0
[21:41:38] [Server thread/WARN]: [DiscordMC] You haven't entered a valid token for your bot. See Spigot page for a tutorial.
[21:41:38] [Server thread/INFO]: [DiscordMC] Disabling DiscordMC v1.5.0
[21:41:38] [Server thread/INFO]: [WorldEdit] Enabling WorldEdit v6.1.8-SNAPSHOT;cd4729f
[21:41:38] [pool-7-thread-1/ERROR]: [PermissionsEx] Error occurred with PermissionsEx! Please post it to http://git.io/<html><body>You are being <a href="https://git.io/create">redirected</a>.</body></html>. Full error:
ru.tehkode.permissions.exceptions.PermissionBackendException: com.mysql.jdbc.exceptions.jdbc4.MySQLSyntaxErrorException: Champ 'prefix' inconnu dans field list
	at ru.tehkode.permissions.backends.sql.SQLBackend$3.performUpdate(SQLBackend.java:186)
	at ru.tehkode.permissions.backends.PermissionBackend.performSchemaUpdate(PermissionBackend.java:90)
	at ru.tehkode.permissions.backends.sql.SQLBackend.<init>(SQLBackend.java:192)
	at sun.reflect.NativeConstructorAccessorImpl.newInstance0(Native Method)
	at sun.reflect.NativeConstructorAccessorImpl.newInstance(Unknown Source)
	at sun.reflect.DelegatingConstructorAccessorImpl.newInstance(Unknown Source)
	at java.lang.reflect.Constructor.newInstance(Unknown Source)
	at ru.tehkode.permissions.backends.PermissionBackend.getBackend(PermissionBackend.java:392)
	at ru.tehkode.permissions.backends.PermissionBackend.getBackend(PermissionBackend.java:367)
	at ru.tehkode.permissions.PermissionManager.createBackend(PermissionManager.java:624)
	at ru.tehkode.permissions.PermissionManager.setBackend(PermissionManager.java:606)
	at ru.tehkode.permissions.PermissionManager.initBackend(PermissionManager.java:693)
	at ru.tehkode.permissions.PermissionManager.<init>(PermissionManager.java:67)
	at ru.tehkode.permissions.bukkit.PermissionsEx.onEnable(PermissionsEx.java:175)
	at org.bukkit.plugin.java.JavaPlugin.setEnabled(JavaPlugin.java:264)
	at org.bukkit.plugin.java.JavaPluginLoader.enablePlugin(JavaPluginLoader.java:337)
	at org.bukkit.plugin.SimplePluginManager.enablePlugin(SimplePluginManager.java:403)
	at org.bukkit.craftbukkit.v1_12_R1.CraftServer.enablePlugin(CraftServer.java:382)
	at org.bukkit.craftbukkit.v1_12_R1.CraftServer.enablePlugins(CraftServer.java:331)
	at net.minecraft.server.v1_12_R1.MinecraftServer.t(MinecraftServer.java:422)
	at net.minecraft.server.v1_12_R1.MinecraftServer.l(MinecraftServer.java:383)
	at net.minecraft.server.v1_12_R1.MinecraftServer.a(MinecraftServer.java:338)
	at net.minecraft.server.v1_12_R1.DedicatedServer.init(DedicatedServer.java:272)
	at net.minecraft.server.v1_12_R1.MinecraftServer.run(MinecraftServer.java:545)
	at java.lang.Thread.run(Unknown Source)
Caused by: com.mysql.jdbc.exceptions.jdbc4.MySQLSyntaxErrorException: Champ 'prefix' inconnu dans field list
	at sun.reflect.NativeConstructorAccessorImpl.newInstance0(Native Method)
	at sun.reflect.NativeConstructorAccessorImpl.newInstance(Unknown Source)
	at sun.reflect.DelegatingConstructorAccessorImpl.newInstance(Unknown Source)
	at java.lang.reflect.Constructor.newInstance(Unknown Source)
	at com.mysql.jdbc.Util.handleNewInstance(Util.java:425)
	at com.mysql.jdbc.Util.getInstance(Util.java:408)
	at com.mysql.jdbc.SQLError.createSQLException(SQLError.java:943)
	at com.mysql.jdbc.MysqlIO.checkErrorPacket(MysqlIO.java:3973)
	at com.mysql.jdbc.MysqlIO.checkErrorPacket(MysqlIO.java:3909)
	at com.mysql.jdbc.MysqlIO.sendCommand(MysqlIO.java:2527)
	at com.mysql.jdbc.MysqlIO.sqlQueryDirect(MysqlIO.java:2680)
	at com.mysql.jdbc.ConnectionImpl.execSQL(ConnectionImpl.java:2487)
	at com.mysql.jdbc.PreparedStatement.executeInternal(PreparedStatement.java:1858)
	at com.mysql.jdbc.PreparedStatement.executeQuery(PreparedStatement.java:1966)
	at ru.tehkode.libs.org.apache.commons.dbcp.DelegatingPreparedStatement.executeQuery(DelegatingPreparedStatement.java:96)
	at ru.tehkode.libs.org.apache.commons.dbcp.DelegatingPreparedStatement.executeQuery(DelegatingPreparedStatement.java:96)
	at ru.tehkode.permissions.backends.sql.SQLBackend$3.performUpdate(SQLBackend.java:161)
	... 24 more

[21:41:39] [Server thread/INFO]: WEPIF: PermissionsEx detected! Using PermissionsEx for permissions.
[21:41:39] [Server thread/INFO]: [WorldEdit] Using com.sk89q.worldedit.bukkit.adapter.impl.Spigot_v1_12_R2 as the Bukkit adapter
[21:41:39] [Server thread/INFO]: [Essentials] Enabling Essentials vTeamCity
[21:41:39] [Server thread/WARN]: §4Version mismatch! Please update EssentialsChat to the same version.
[21:41:39] [Server thread/INFO]: Bukkit version format changed. Version not checked.
[21:41:39] [Server thread/INFO]: git-Spigot-3d850ec-809c399 (MC: 1.12.2)
[21:41:39] [Server thread/INFO]: 1.12.2-R0.1-SNAPSHOT
[21:41:39] [Server thread/INFO]: Using locale fr_FR
[21:41:40] [Server thread/INFO]: Using locale fr_FR
[21:41:40] [Server thread/INFO]: Essentials: Using PermissionsEx based permissions.
[21:41:40] [Server thread/INFO]: [EssentialsChat] Enabling EssentialsChat v2.13.1
[21:41:40] [Server thread/ERROR]: Error occurred while enabling EssentialsChat v2.13.1 (Is it up to date?)
java.lang.NoSuchMethodError: com.earth2me.essentials.I18n._(Ljava/lang/String;[Ljava/lang/Object;)Ljava/lang/String;
	at com.earth2me.essentials.chat.EssentialsChat.onEnable(EssentialsChat.java:26) ~[?:?]
	at org.bukkit.plugin.java.JavaPlugin.setEnabled(JavaPlugin.java:264) ~[spigot.jar:git-Spigot-3d850ec-809c399]
	at org.bukkit.plugin.java.JavaPluginLoader.enablePlugin(JavaPluginLoader.java:337) [spigot.jar:git-Spigot-3d850ec-809c399]
	at org.bukkit.plugin.SimplePluginManager.enablePlugin(SimplePluginManager.java:403) [spigot.jar:git-Spigot-3d850ec-809c399]
	at org.bukkit.craftbukkit.v1_12_R1.CraftServer.enablePlugin(CraftServer.java:382) [spigot.jar:git-Spigot-3d850ec-809c399]
	at org.bukkit.craftbukkit.v1_12_R1.CraftServer.enablePlugins(CraftServer.java:331) [spigot.jar:git-Spigot-3d850ec-809c399]
	at net.minecraft.server.v1_12_R1.MinecraftServer.t(MinecraftServer.java:422) [spigot.jar:git-Spigot-3d850ec-809c399]
	at net.minecraft.server.v1_12_R1.MinecraftServer.l(MinecraftServer.java:383) [spigot.jar:git-Spigot-3d850ec-809c399]
	at net.minecraft.server.v1_12_R1.MinecraftServer.a(MinecraftServer.java:338) [spigot.jar:git-Spigot-3d850ec-809c399]
	at net.minecraft.server.v1_12_R1.DedicatedServer.init(DedicatedServer.java:272) [spigot.jar:git-Spigot-3d850ec-809c399]
	at net.minecraft.server.v1_12_R1.MinecraftServer.run(MinecraftServer.java:545) [spigot.jar:git-Spigot-3d850ec-809c399]
	at java.lang.Thread.run(Unknown Source) [?:1.8.0_131]
[21:41:40] [Server thread/INFO]: Server permissions file permissions.yml is empty, ignoring it
[21:41:40] [Server thread/INFO]: Done (11,984s)! For help, type "help" or "?"
[21:41:41] [Server thread/INFO]: flux666[/127.0.0.1:62437] logged in with entity id 88 at ([world]1084.7954960010043, 52.406341288100485, -289.4993643876104)
[21:42:11] [Server thread/INFO]: flux666 issued server command: /home
[21:42:37] [Server thread/INFO]: flux666 issued server command: /setjail
[21:42:49] [Server thread/INFO]: flux666 issued server command: /setidletimeout
[21:43:04] [Server thread/INFO]: flux666 issued server command: /setworldspawn
[21:43:04] [Server thread/INFO]: [flux666: Set the world spawn point to (1028, 12, -261)]
[21:43:16] [Server thread/INFO]: flux666 lost connection: Disconnected
[21:43:17] [Server thread/INFO]: flux666 left the game
[21:43:24] [Server thread/INFO]: Stopping the server
[21:43:24] [Server thread/INFO]: Stopping server
[21:43:24] [Server thread/INFO]: [EssentialsChat] Disabling EssentialsChat v2.13.1
[21:43:24] [Server thread/INFO]: [Essentials] Disabling Essentials vTeamCity
[21:43:24] [Server thread/INFO]: [WorldEdit] Disabling WorldEdit v6.1.8-SNAPSHOT;cd4729f
[21:43:24] [Server thread/INFO]: [plugin-admin] Disabling plugin-admin v1.0
[21:43:24] [Server thread/INFO]: [PermissionsEx] Disabling PermissionsEx v1.23.4
[21:43:24] [Server thread/INFO]: Saving players
[21:43:24] [Server thread/INFO]: Saving worlds
[21:43:24] [Server thread/INFO]: Saving chunks for level 'world'/overworld
[21:43:25] [Server thread/INFO]: Saving chunks for level 'world_nether'/the_nether
[21:43:25] [Server thread/INFO]: Saving chunks for level 'world_the_end'/the_end
